{"/Users/guranda/star-wars-character-finder/src/App.tsx": {"path":"/Users/guranda/star-wars-character-finder/src/App.tsx","all":false,"statementMap":{"0":{"start":{"line":1,"column":0},"end":{"line":1,"column":74}},"1":{"start":{"line":2,"column":0},"end":{"line":2,"column":19}},"2":{"start":{"line":3,"column":0},"end":{"line":3,"column":55}},"3":{"start":{"line":4,"column":0},"end":{"line":4,"column":49}},"4":{"start":{"line":5,"column":0},"end":{"line":5,"column":44}},"6":{"start":{"line":7,"column":0},"end":{"line":7,"column":16}},"7":{"start":{"line":8,"column":0},"end":{"line":8,"column":10}},"8":{"start":{"line":9,"column":0},"end":{"line":9,"column":12}},"9":{"start":{"line":10,"column":0},"end":{"line":10,"column":21}},"10":{"start":{"line":11,"column":0},"end":{"line":11,"column":16}},"11":{"start":{"line":12,"column":0},"end":{"line":12,"column":60}},"12":{"start":{"line":13,"column":0},"end":{"line":13,"column":65}},"13":{"start":{"line":14,"column":0},"end":{"line":14,"column":56}},"14":{"start":{"line":15,"column":0},"end":{"line":15,"column":17}},"15":{"start":{"line":16,"column":0},"end":{"line":16,"column":22}},"16":{"start":{"line":17,"column":0},"end":{"line":17,"column":13}},"18":{"start":{"line":19,"column":0},"end":{"line":19,"column":1}},"20":{"start":{"line":21,"column":0},"end":{"line":21,"column":19}}},"s":{"0":1,"1":1,"2":1,"3":1,"4":1,"6":1,"7":1,"8":1,"9":1,"10":1,"11":1,"12":1,"13":1,"14":1,"15":1,"16":1,"18":1,"20":1},"branchMap":{"0":{"type":"branch","line":7,"loc":{"start":{"line":7,"column":0},"end":{"line":19,"column":1}},"locations":[{"start":{"line":7,"column":0},"end":{"line":19,"column":1}}]}},"b":{"0":[1]},"fnMap":{"0":{"name":"App","decl":{"start":{"line":7,"column":0},"end":{"line":19,"column":1}},"loc":{"start":{"line":7,"column":0},"end":{"line":19,"column":1}},"line":7}},"f":{"0":1}}
,"/Users/guranda/star-wars-character-finder/src/main.tsx": {"path":"/Users/guranda/star-wars-character-finder/src/main.tsx","all":true,"statementMap":{"0":{"start":{"line":1,"column":0},"end":{"line":1,"column":26}},"1":{"start":{"line":2,"column":0},"end":{"line":2,"column":40}},"2":{"start":{"line":3,"column":0},"end":{"line":3,"column":24}},"3":{"start":{"line":4,"column":0},"end":{"line":4,"column":21}},"4":{"start":{"line":5,"column":0},"end":{"line":5,"column":55}},"5":{"start":{"line":6,"column":0},"end":{"line":6,"column":39}},"6":{"start":{"line":7,"column":0},"end":{"line":7,"column":32}},"8":{"start":{"line":9,"column":0},"end":{"line":9,"column":75}},"9":{"start":{"line":10,"column":0},"end":{"line":10,"column":20}},"10":{"start":{"line":11,"column":0},"end":{"line":11,"column":19}},"11":{"start":{"line":12,"column":0},"end":{"line":12,"column":30}},"12":{"start":{"line":13,"column":0},"end":{"line":13,"column":15}},"13":{"start":{"line":14,"column":0},"end":{"line":14,"column":17}},"14":{"start":{"line":15,"column":0},"end":{"line":15,"column":20}},"15":{"start":{"line":16,"column":0},"end":{"line":16,"column":22}},"16":{"start":{"line":17,"column":0},"end":{"line":17,"column":2}}},"s":{"0":0,"1":0,"2":0,"3":0,"4":0,"5":0,"6":0,"8":0,"9":0,"10":0,"11":0,"12":0,"13":0,"14":0,"15":0,"16":0},"branchMap":{"0":{"type":"branch","line":1,"loc":{"start":{"line":1,"column":473},"end":{"line":17,"column":2}},"locations":[{"start":{"line":1,"column":473},"end":{"line":17,"column":2}}]}},"b":{"0":[0]},"fnMap":{"0":{"name":"(empty-report)","decl":{"start":{"line":1,"column":473},"end":{"line":17,"column":2}},"loc":{"start":{"line":1,"column":473},"end":{"line":17,"column":2}},"line":1}},"f":{"0":0}}
,"/Users/guranda/star-wars-character-finder/src/store.ts": {"path":"/Users/guranda/star-wars-character-finder/src/store.ts","all":false,"statementMap":{"0":{"start":{"line":1,"column":0},"end":{"line":1,"column":50}},"1":{"start":{"line":2,"column":0},"end":{"line":2,"column":63}},"2":{"start":{"line":3,"column":0},"end":{"line":3,"column":62}},"3":{"start":{"line":4,"column":0},"end":{"line":4,"column":56}},"5":{"start":{"line":6,"column":0},"end":{"line":6,"column":37}},"6":{"start":{"line":7,"column":0},"end":{"line":7,"column":12}},"7":{"start":{"line":8,"column":0},"end":{"line":8,"column":55}},"8":{"start":{"line":9,"column":0},"end":{"line":9,"column":40}},"9":{"start":{"line":10,"column":0},"end":{"line":10,"column":4}},"10":{"start":{"line":11,"column":0},"end":{"line":11,"column":39}},"11":{"start":{"line":12,"column":0},"end":{"line":12,"column":60}},"12":{"start":{"line":13,"column":0},"end":{"line":13,"column":3}},"14":{"start":{"line":15,"column":0},"end":{"line":15,"column":31}},"18":{"start":{"line":19,"column":0},"end":{"line":19,"column":21}}},"s":{"0":1,"1":1,"2":1,"3":1,"5":1,"6":1,"7":1,"8":1,"9":1,"10":1,"11":1,"12":1,"14":1,"18":1},"branchMap":{"0":{"type":"branch","line":11,"loc":{"start":{"line":11,"column":14},"end":{"line":12,"column":60}},"locations":[{"start":{"line":11,"column":14},"end":{"line":12,"column":60}}]}},"b":{"0":[1]},"fnMap":{"0":{"name":"middleware","decl":{"start":{"line":11,"column":14},"end":{"line":12,"column":60}},"loc":{"start":{"line":11,"column":14},"end":{"line":12,"column":60}},"line":11}},"f":{"0":1}}
,"/Users/guranda/star-wars-character-finder/src/components/CharacterData.tsx": {"path":"/Users/guranda/star-wars-character-finder/src/components/CharacterData.tsx","all":false,"statementMap":{"0":{"start":{"line":1,"column":0},"end":{"line":1,"column":26}},"1":{"start":{"line":2,"column":0},"end":{"line":2,"column":55}},"3":{"start":{"line":4,"column":0},"end":{"line":4,"column":72}},"12":{"start":{"line":13,"column":0},"end":{"line":13,"column":41}},"13":{"start":{"line":14,"column":0},"end":{"line":14,"column":7}},"14":{"start":{"line":15,"column":0},"end":{"line":15,"column":10}},"15":{"start":{"line":16,"column":0},"end":{"line":16,"column":19}},"16":{"start":{"line":17,"column":0},"end":{"line":17,"column":7}},"17":{"start":{"line":18,"column":0},"end":{"line":18,"column":33}},"18":{"start":{"line":19,"column":0},"end":{"line":19,"column":36}},"19":{"start":{"line":20,"column":0},"end":{"line":20,"column":52}},"20":{"start":{"line":21,"column":0},"end":{"line":21,"column":4}},"22":{"start":{"line":23,"column":0},"end":{"line":23,"column":16}},"23":{"start":{"line":24,"column":0},"end":{"line":24,"column":63}},"24":{"start":{"line":25,"column":0},"end":{"line":25,"column":3}},"26":{"start":{"line":27,"column":0},"end":{"line":27,"column":26}},"27":{"start":{"line":28,"column":0},"end":{"line":28,"column":60}},"28":{"start":{"line":29,"column":0},"end":{"line":29,"column":3}},"30":{"start":{"line":31,"column":0},"end":{"line":31,"column":76}},"31":{"start":{"line":32,"column":0},"end":{"line":32,"column":18}},"32":{"start":{"line":33,"column":0},"end":{"line":33,"column":38}},"33":{"start":{"line":34,"column":0},"end":{"line":34,"column":12}},"34":{"start":{"line":35,"column":0},"end":{"line":35,"column":45}},"35":{"start":{"line":36,"column":0},"end":{"line":36,"column":5}},"36":{"start":{"line":37,"column":0},"end":{"line":37,"column":4}},"38":{"start":{"line":39,"column":0},"end":{"line":39,"column":10}},"39":{"start":{"line":40,"column":0},"end":{"line":40,"column":55}},"40":{"start":{"line":41,"column":0},"end":{"line":41,"column":27}},"41":{"start":{"line":42,"column":0},"end":{"line":42,"column":11}},"42":{"start":{"line":43,"column":0},"end":{"line":43,"column":25}},"43":{"start":{"line":44,"column":0},"end":{"line":44,"column":48}},"44":{"start":{"line":45,"column":0},"end":{"line":45,"column":26}},"46":{"start":{"line":47,"column":0},"end":{"line":47,"column":16}},"47":{"start":{"line":48,"column":0},"end":{"line":48,"column":27}},"48":{"start":{"line":49,"column":0},"end":{"line":49,"column":48}},"49":{"start":{"line":50,"column":0},"end":{"line":50,"column":74}},"50":{"start":{"line":51,"column":0},"end":{"line":51,"column":12}},"51":{"start":{"line":52,"column":0},"end":{"line":52,"column":30}},"52":{"start":{"line":53,"column":0},"end":{"line":53,"column":41}},"53":{"start":{"line":54,"column":0},"end":{"line":54,"column":37}},"54":{"start":{"line":55,"column":0},"end":{"line":55,"column":73}},"55":{"start":{"line":56,"column":0},"end":{"line":56,"column":46}},"56":{"start":{"line":57,"column":0},"end":{"line":57,"column":13}},"57":{"start":{"line":58,"column":0},"end":{"line":58,"column":9}},"58":{"start":{"line":59,"column":0},"end":{"line":59,"column":9}},"60":{"start":{"line":61,"column":0},"end":{"line":61,"column":2}},"62":{"start":{"line":63,"column":0},"end":{"line":63,"column":29}}},"s":{"0":1,"1":1,"3":1,"12":1,"13":23,"14":23,"15":23,"16":23,"17":23,"18":23,"19":23,"20":23,"22":23,"23":15,"24":15,"26":10,"27":2,"28":2,"30":6,"31":0,"32":0,"33":0,"34":0,"35":0,"36":0,"38":6,"39":6,"40":6,"41":12,"42":12,"43":12,"44":12,"46":12,"47":12,"48":12,"49":12,"50":12,"51":12,"52":12,"53":12,"54":12,"55":12,"56":12,"57":6,"58":6,"60":6,"62":1},"branchMap":{"0":{"type":"branch","line":13,"loc":{"start":{"line":13,"column":39},"end":{"line":61,"column":2}},"locations":[{"start":{"line":13,"column":39},"end":{"line":61,"column":2}}]},"1":{"type":"branch","line":23,"loc":{"start":{"line":23,"column":15},"end":{"line":25,"column":3}},"locations":[{"start":{"line":23,"column":15},"end":{"line":25,"column":3}}]},"2":{"type":"branch","line":25,"loc":{"start":{"line":25,"column":2},"end":{"line":61,"column":2}},"locations":[{"start":{"line":25,"column":2},"end":{"line":61,"column":2}}]},"3":{"type":"branch","line":25,"loc":{"start":{"line":25,"column":2},"end":{"line":27,"column":25}},"locations":[{"start":{"line":25,"column":2},"end":{"line":27,"column":25}}]},"4":{"type":"branch","line":27,"loc":{"start":{"line":27,"column":25},"end":{"line":29,"column":3}},"locations":[{"start":{"line":27,"column":25},"end":{"line":29,"column":3}}]},"5":{"type":"branch","line":29,"loc":{"start":{"line":29,"column":2},"end":{"line":61,"column":2}},"locations":[{"start":{"line":29,"column":2},"end":{"line":61,"column":2}}]},"6":{"type":"branch","line":20,"loc":{"start":{"line":20,"column":4},"end":{"line":20,"column":52}},"locations":[{"start":{"line":20,"column":4},"end":{"line":20,"column":52}}]},"7":{"type":"branch","line":41,"loc":{"start":{"line":41,"column":16},"end":{"line":57,"column":13}},"locations":[{"start":{"line":41,"column":16},"end":{"line":57,"column":13}}]},"8":{"type":"branch","line":55,"loc":{"start":{"line":55,"column":61},"end":{"line":55,"column":73}},"locations":[{"start":{"line":55,"column":61},"end":{"line":55,"column":73}}]},"9":{"type":"branch","line":44,"loc":{"start":{"line":44,"column":19},"end":{"line":44,"column":48}},"locations":[{"start":{"line":44,"column":19},"end":{"line":44,"column":48}}]}},"b":{"0":[23],"1":[15],"2":[10],"3":[8],"4":[2],"5":[6],"6":[39],"7":[12],"8":[0],"9":[3]},"fnMap":{"0":{"name":"CharacterData","decl":{"start":{"line":13,"column":39},"end":{"line":61,"column":2}},"loc":{"start":{"line":13,"column":39},"end":{"line":61,"column":2}},"line":13},"1":{"name":"handleCheckboxChange","decl":{"start":{"line":31,"column":31},"end":{"line":37,"column":4}},"loc":{"start":{"line":31,"column":31},"end":{"line":37,"column":4}},"line":31},"2":{"name":"onClick","decl":{"start":{"line":44,"column":19},"end":{"line":44,"column":48}},"loc":{"start":{"line":44,"column":19},"end":{"line":44,"column":48}},"line":44},"3":{"name":"onChange","decl":{"start":{"line":50,"column":22},"end":{"line":50,"column":74}},"loc":{"start":{"line":50,"column":22},"end":{"line":50,"column":74}},"line":50}},"f":{"0":23,"1":0,"2":3,"3":0}}
,"/Users/guranda/star-wars-character-finder/src/components/ErrorBoundary.tsx": {"path":"/Users/guranda/star-wars-character-finder/src/components/ErrorBoundary.tsx","all":false,"statementMap":{"0":{"start":{"line":1,"column":0},"end":{"line":1,"column":56}},"10":{"start":{"line":11,"column":0},"end":{"line":11,"column":53}},"11":{"start":{"line":12,"column":0},"end":{"line":12,"column":37}},"13":{"start":{"line":14,"column":0},"end":{"line":14,"column":44}},"14":{"start":{"line":15,"column":0},"end":{"line":15,"column":30}},"15":{"start":{"line":16,"column":0},"end":{"line":16,"column":3}},"17":{"start":{"line":18,"column":0},"end":{"line":18,"column":57}},"18":{"start":{"line":19,"column":0},"end":{"line":19,"column":55}},"19":{"start":{"line":20,"column":0},"end":{"line":20,"column":38}},"20":{"start":{"line":21,"column":0},"end":{"line":21,"column":3}},"22":{"start":{"line":23,"column":0},"end":{"line":23,"column":28}},"23":{"start":{"line":24,"column":0},"end":{"line":24,"column":39}},"24":{"start":{"line":25,"column":0},"end":{"line":25,"column":4}},"26":{"start":{"line":27,"column":0},"end":{"line":27,"column":28}},"27":{"start":{"line":28,"column":0},"end":{"line":28,"column":38}},"28":{"start":{"line":29,"column":0},"end":{"line":29,"column":4}},"30":{"start":{"line":31,"column":0},"end":{"line":31,"column":12}},"31":{"start":{"line":32,"column":0},"end":{"line":32,"column":30}},"32":{"start":{"line":33,"column":0},"end":{"line":33,"column":14}},"33":{"start":{"line":34,"column":0},"end":{"line":34,"column":13}},"34":{"start":{"line":35,"column":0},"end":{"line":35,"column":45}},"35":{"start":{"line":36,"column":0},"end":{"line":36,"column":70}},"36":{"start":{"line":37,"column":0},"end":{"line":37,"column":14}},"38":{"start":{"line":39,"column":0},"end":{"line":39,"column":5}},"40":{"start":{"line":41,"column":0},"end":{"line":41,"column":31}},"41":{"start":{"line":42,"column":0},"end":{"line":42,"column":3}},"42":{"start":{"line":43,"column":0},"end":{"line":43,"column":1}},"44":{"start":{"line":45,"column":0},"end":{"line":45,"column":29}}},"s":{"0":1,"10":1,"11":1,"13":1,"14":1,"15":1,"17":1,"18":0,"19":0,"20":0,"22":1,"23":0,"24":0,"26":1,"27":0,"28":0,"30":1,"31":1,"32":0,"33":0,"34":0,"35":0,"36":0,"38":0,"40":1,"41":1,"42":1,"44":1},"branchMap":{"0":{"type":"branch","line":11,"loc":{"start":{"line":11,"column":0},"end":{"line":29,"column":4}},"locations":[{"start":{"line":11,"column":0},"end":{"line":29,"column":4}}]},"1":{"type":"branch","line":31,"loc":{"start":{"line":31,"column":2},"end":{"line":42,"column":3}},"locations":[{"start":{"line":31,"column":2},"end":{"line":42,"column":3}}]},"2":{"type":"branch","line":32,"loc":{"start":{"line":32,"column":29},"end":{"line":39,"column":5}},"locations":[{"start":{"line":32,"column":29},"end":{"line":39,"column":5}}]}},"b":{"0":[1],"1":[1],"2":[0]},"fnMap":{"0":{"name":"ErrorBoundary","decl":{"start":{"line":11,"column":0},"end":{"line":29,"column":4}},"loc":{"start":{"line":11,"column":0},"end":{"line":29,"column":4}},"line":11},"1":{"name":"ErrorBoundary.handleResetError","decl":{"start":{"line":23,"column":21},"end":{"line":25,"column":4}},"loc":{"start":{"line":23,"column":21},"end":{"line":25,"column":4}},"line":23},"2":{"name":"ErrorBoundary.handleThrowError","decl":{"start":{"line":27,"column":21},"end":{"line":29,"column":4}},"loc":{"start":{"line":27,"column":21},"end":{"line":29,"column":4}},"line":27},"3":{"name":"componentDidCatch","decl":{"start":{"line":18,"column":2},"end":{"line":21,"column":3}},"loc":{"start":{"line":18,"column":2},"end":{"line":21,"column":3}},"line":18},"4":{"name":"render","decl":{"start":{"line":31,"column":2},"end":{"line":42,"column":3}},"loc":{"start":{"line":31,"column":2},"end":{"line":42,"column":3}},"line":31}},"f":{"0":1,"1":0,"2":0,"3":0,"4":1}}
,"/Users/guranda/star-wars-character-finder/src/components/Flyout.tsx": {"path":"/Users/guranda/star-wars-character-finder/src/components/Flyout.tsx","all":false,"statementMap":{"0":{"start":{"line":1,"column":0},"end":{"line":1,"column":26}},"1":{"start":{"line":2,"column":0},"end":{"line":2,"column":55}},"2":{"start":{"line":3,"column":0},"end":{"line":3,"column":78}},"5":{"start":{"line":6,"column":0},"end":{"line":6,"column":32}},"6":{"start":{"line":7,"column":0},"end":{"line":7,"column":33}},"7":{"start":{"line":8,"column":0},"end":{"line":8,"column":36}},"8":{"start":{"line":9,"column":0},"end":{"line":9,"column":52}},"9":{"start":{"line":10,"column":0},"end":{"line":10,"column":4}},"11":{"start":{"line":12,"column":0},"end":{"line":12,"column":35}},"12":{"start":{"line":13,"column":0},"end":{"line":13,"column":46}},"13":{"start":{"line":14,"column":0},"end":{"line":14,"column":35}},"14":{"start":{"line":15,"column":0},"end":{"line":15,"column":7}},"15":{"start":{"line":16,"column":0},"end":{"line":16,"column":4}},"17":{"start":{"line":18,"column":0},"end":{"line":18,"column":32}},"18":{"start":{"line":19,"column":0},"end":{"line":19,"column":87}},"19":{"start":{"line":20,"column":0},"end":{"line":20,"column":61}},"20":{"start":{"line":21,"column":0},"end":{"line":21,"column":16}},"21":{"start":{"line":22,"column":0},"end":{"line":22,"column":24}},"22":{"start":{"line":23,"column":0},"end":{"line":23,"column":22}},"23":{"start":{"line":24,"column":0},"end":{"line":24,"column":28}},"24":{"start":{"line":25,"column":0},"end":{"line":25,"column":28}},"25":{"start":{"line":26,"column":0},"end":{"line":26,"column":27}},"26":{"start":{"line":27,"column":0},"end":{"line":27,"column":28}},"27":{"start":{"line":28,"column":0},"end":{"line":28,"column":7}},"29":{"start":{"line":30,"column":0},"end":{"line":30,"column":24}},"30":{"start":{"line":31,"column":0},"end":{"line":31,"column":24}},"31":{"start":{"line":32,"column":0},"end":{"line":32,"column":42}},"32":{"start":{"line":33,"column":0},"end":{"line":33,"column":17}},"34":{"start":{"line":35,"column":0},"end":{"line":35,"column":62}},"35":{"start":{"line":36,"column":0},"end":{"line":36,"column":42}},"36":{"start":{"line":37,"column":0},"end":{"line":37,"column":42}},"37":{"start":{"line":38,"column":0},"end":{"line":38,"column":17}},"38":{"start":{"line":39,"column":0},"end":{"line":39,"column":66}},"39":{"start":{"line":40,"column":0},"end":{"line":40,"column":14}},"40":{"start":{"line":41,"column":0},"end":{"line":41,"column":29}},"41":{"start":{"line":42,"column":0},"end":{"line":42,"column":4}},"43":{"start":{"line":44,"column":0},"end":{"line":44,"column":10}},"44":{"start":{"line":45,"column":0},"end":{"line":45,"column":59}},"45":{"start":{"line":46,"column":0},"end":{"line":46,"column":38}},"46":{"start":{"line":47,"column":0},"end":{"line":47,"column":69}},"47":{"start":{"line":48,"column":0},"end":{"line":48,"column":15}},"48":{"start":{"line":49,"column":0},"end":{"line":49,"column":37}},"49":{"start":{"line":50,"column":0},"end":{"line":50,"column":41}},"50":{"start":{"line":51,"column":0},"end":{"line":51,"column":43}},"51":{"start":{"line":52,"column":0},"end":{"line":52,"column":9}},"53":{"start":{"line":54,"column":0},"end":{"line":54,"column":17}},"54":{"start":{"line":55,"column":0},"end":{"line":55,"column":15}},"55":{"start":{"line":56,"column":0},"end":{"line":56,"column":34}},"56":{"start":{"line":57,"column":0},"end":{"line":57,"column":37}},"57":{"start":{"line":58,"column":0},"end":{"line":58,"column":39}},"58":{"start":{"line":59,"column":0},"end":{"line":59,"column":9}},"60":{"start":{"line":61,"column":0},"end":{"line":61,"column":17}},"61":{"start":{"line":62,"column":0},"end":{"line":62,"column":12}},"62":{"start":{"line":63,"column":0},"end":{"line":63,"column":30}},"63":{"start":{"line":64,"column":0},"end":{"line":64,"column":78}},"64":{"start":{"line":65,"column":0},"end":{"line":65,"column":67}},"65":{"start":{"line":66,"column":0},"end":{"line":66,"column":50}},"66":{"start":{"line":67,"column":0},"end":{"line":67,"column":37}},"67":{"start":{"line":68,"column":0},"end":{"line":68,"column":45}},"68":{"start":{"line":69,"column":0},"end":{"line":69,"column":41}},"69":{"start":{"line":70,"column":0},"end":{"line":70,"column":80}},"70":{"start":{"line":71,"column":0},"end":{"line":71,"column":16}},"71":{"start":{"line":72,"column":0},"end":{"line":72,"column":11}},"72":{"start":{"line":73,"column":0},"end":{"line":73,"column":12}},"73":{"start":{"line":74,"column":0},"end":{"line":74,"column":10}},"75":{"start":{"line":76,"column":0},"end":{"line":76,"column":2}},"77":{"start":{"line":78,"column":0},"end":{"line":78,"column":22}}},"s":{"0":1,"1":1,"2":1,"5":1,"6":5,"7":5,"8":5,"9":5,"11":5,"12":0,"13":0,"14":0,"15":0,"17":5,"18":1,"19":1,"20":2,"21":2,"22":2,"23":2,"24":2,"25":2,"26":2,"27":1,"29":1,"30":1,"31":1,"32":1,"34":1,"35":1,"36":1,"37":1,"38":1,"39":1,"40":1,"41":1,"43":5,"44":5,"45":5,"46":5,"47":5,"48":5,"49":5,"50":5,"51":5,"53":5,"54":5,"55":5,"56":5,"57":5,"58":5,"60":5,"61":5,"62":5,"63":5,"64":5,"65":5,"66":5,"67":5,"68":5,"69":5,"70":5,"71":5,"72":5,"73":5,"75":5,"77":1},"branchMap":{"0":{"type":"branch","line":6,"loc":{"start":{"line":6,"column":25},"end":{"line":76,"column":2}},"locations":[{"start":{"line":6,"column":25},"end":{"line":76,"column":2}}]},"1":{"type":"branch","line":64,"loc":{"start":{"line":64,"column":47},"end":{"line":64,"column":78}},"locations":[{"start":{"line":64,"column":47},"end":{"line":64,"column":78}}]},"2":{"type":"branch","line":9,"loc":{"start":{"line":9,"column":4},"end":{"line":9,"column":52}},"locations":[{"start":{"line":9,"column":4},"end":{"line":9,"column":52}}]},"3":{"type":"branch","line":18,"loc":{"start":{"line":18,"column":25},"end":{"line":42,"column":4}},"locations":[{"start":{"line":18,"column":25},"end":{"line":42,"column":4}}]},"4":{"type":"branch","line":20,"loc":{"start":{"line":20,"column":50},"end":{"line":28,"column":5}},"locations":[{"start":{"line":20,"column":50},"end":{"line":28,"column":5}}]},"5":{"type":"branch","line":22,"loc":{"start":{"line":22,"column":11},"end":{"line":22,"column":24}},"locations":[{"start":{"line":22,"column":11},"end":{"line":22,"column":24}}]},"6":{"type":"branch","line":23,"loc":{"start":{"line":23,"column":11},"end":{"line":23,"column":22}},"locations":[{"start":{"line":23,"column":11},"end":{"line":23,"column":22}}]},"7":{"type":"branch","line":24,"loc":{"start":{"line":24,"column":11},"end":{"line":24,"column":28}},"locations":[{"start":{"line":24,"column":11},"end":{"line":24,"column":28}}]},"8":{"type":"branch","line":25,"loc":{"start":{"line":25,"column":11},"end":{"line":25,"column":28}},"locations":[{"start":{"line":25,"column":11},"end":{"line":25,"column":28}}]},"9":{"type":"branch","line":26,"loc":{"start":{"line":26,"column":11},"end":{"line":26,"column":27}},"locations":[{"start":{"line":26,"column":11},"end":{"line":26,"column":27}}]},"10":{"type":"branch","line":27,"loc":{"start":{"line":27,"column":11},"end":{"line":27,"column":28}},"locations":[{"start":{"line":27,"column":11},"end":{"line":27,"column":28}}]},"11":{"type":"branch","line":32,"loc":{"start":{"line":32,"column":18},"end":{"line":32,"column":40}},"locations":[{"start":{"line":32,"column":18},"end":{"line":32,"column":40}}]},"12":{"type":"branch","line":65,"loc":{"start":{"line":65,"column":43},"end":{"line":71,"column":16}},"locations":[{"start":{"line":65,"column":43},"end":{"line":71,"column":16}}]},"13":{"type":"branch","line":70,"loc":{"start":{"line":70,"column":29},"end":{"line":70,"column":65}},"locations":[{"start":{"line":70,"column":29},"end":{"line":70,"column":65}}]}},"b":{"0":[5],"1":[1],"2":[10],"3":[1],"4":[2],"5":[0],"6":[0],"7":[0],"8":[0],"9":[0],"10":[0],"11":[2],"12":[5],"13":[1]},"fnMap":{"0":{"name":"Flyout","decl":{"start":{"line":6,"column":25},"end":{"line":76,"column":2}},"loc":{"start":{"line":6,"column":25},"end":{"line":76,"column":2}},"line":6},"1":{"name":"handleUnselectAll","decl":{"start":{"line":12,"column":28},"end":{"line":16,"column":4}},"loc":{"start":{"line":12,"column":28},"end":{"line":16,"column":4}},"line":12},"2":{"name":"handleDownload","decl":{"start":{"line":18,"column":25},"end":{"line":42,"column":4}},"loc":{"start":{"line":18,"column":25},"end":{"line":42,"column":4}},"line":18},"3":{"name":"onClick","decl":{"start":{"line":70,"column":29},"end":{"line":70,"column":65}},"loc":{"start":{"line":70,"column":29},"end":{"line":70,"column":65}},"line":70}},"f":{"0":5,"1":0,"2":1,"3":1}}
,"/Users/guranda/star-wars-character-finder/src/components/Pagination.tsx": {"path":"/Users/guranda/star-wars-character-finder/src/components/Pagination.tsx","all":false,"statementMap":{"0":{"start":{"line":1,"column":0},"end":{"line":1,"column":47}},"8":{"start":{"line":9,"column":0},"end":{"line":9,"column":38}},"9":{"start":{"line":10,"column":0},"end":{"line":10,"column":14}},"10":{"start":{"line":11,"column":0},"end":{"line":11,"column":13}},"11":{"start":{"line":12,"column":0},"end":{"line":12,"column":15}},"12":{"start":{"line":13,"column":0},"end":{"line":13,"column":7}},"13":{"start":{"line":14,"column":0},"end":{"line":14,"column":36}},"14":{"start":{"line":15,"column":0},"end":{"line":15,"column":10}},"15":{"start":{"line":16,"column":0},"end":{"line":16,"column":57}},"16":{"start":{"line":17,"column":0},"end":{"line":17,"column":13}},"17":{"start":{"line":18,"column":0},"end":{"line":18,"column":33}},"18":{"start":{"line":19,"column":0},"end":{"line":19,"column":62}},"19":{"start":{"line":20,"column":0},"end":{"line":20,"column":53}},"20":{"start":{"line":21,"column":0},"end":{"line":21,"column":36}},"21":{"start":{"line":22,"column":0},"end":{"line":22,"column":7}},"23":{"start":{"line":24,"column":0},"end":{"line":24,"column":15}},"24":{"start":{"line":25,"column":0},"end":{"line":25,"column":12}},"25":{"start":{"line":26,"column":0},"end":{"line":26,"column":42}},"26":{"start":{"line":27,"column":0},"end":{"line":27,"column":13}},"27":{"start":{"line":28,"column":0},"end":{"line":28,"column":13}},"28":{"start":{"line":29,"column":0},"end":{"line":29,"column":33}},"29":{"start":{"line":30,"column":0},"end":{"line":30,"column":62}},"30":{"start":{"line":31,"column":0},"end":{"line":31,"column":53}},"31":{"start":{"line":32,"column":0},"end":{"line":32,"column":45}},"32":{"start":{"line":33,"column":0},"end":{"line":33,"column":7}},"34":{"start":{"line":35,"column":0},"end":{"line":35,"column":15}},"35":{"start":{"line":36,"column":0},"end":{"line":36,"column":10}},"37":{"start":{"line":38,"column":0},"end":{"line":38,"column":2}},"39":{"start":{"line":40,"column":0},"end":{"line":40,"column":26}}},"s":{"0":1,"8":1,"9":15,"10":15,"11":15,"12":15,"13":15,"14":15,"15":15,"16":15,"17":15,"18":15,"19":15,"20":15,"21":15,"23":15,"24":15,"25":15,"26":15,"27":15,"28":15,"29":15,"30":15,"31":15,"32":15,"34":15,"35":15,"37":15,"39":1},"branchMap":{"0":{"type":"branch","line":9,"loc":{"start":{"line":9,"column":36},"end":{"line":38,"column":2}},"locations":[{"start":{"line":9,"column":36},"end":{"line":38,"column":2}}]},"1":{"type":"branch","line":19,"loc":{"start":{"line":19,"column":22},"end":{"line":19,"column":48}},"locations":[{"start":{"line":19,"column":22},"end":{"line":19,"column":48}}]},"2":{"type":"branch","line":19,"loc":{"start":{"line":19,"column":35},"end":{"line":19,"column":59}},"locations":[{"start":{"line":19,"column":35},"end":{"line":19,"column":59}}]},"3":{"type":"branch","line":30,"loc":{"start":{"line":30,"column":22},"end":{"line":30,"column":48}},"locations":[{"start":{"line":30,"column":22},"end":{"line":30,"column":48}}]},"4":{"type":"branch","line":30,"loc":{"start":{"line":30,"column":35},"end":{"line":30,"column":59}},"locations":[{"start":{"line":30,"column":35},"end":{"line":30,"column":59}}]},"5":{"type":"branch","line":31,"loc":{"start":{"line":31,"column":17},"end":{"line":31,"column":53}},"locations":[{"start":{"line":31,"column":17},"end":{"line":31,"column":53}}]}},"b":{"0":[15],"1":[1],"2":[14],"3":[1],"4":[14],"5":[2]},"fnMap":{"0":{"name":"Pagination","decl":{"start":{"line":9,"column":36},"end":{"line":38,"column":2}},"loc":{"start":{"line":9,"column":36},"end":{"line":38,"column":2}},"line":9},"1":{"name":"onClick","decl":{"start":{"line":20,"column":17},"end":{"line":20,"column":53}},"loc":{"start":{"line":20,"column":17},"end":{"line":20,"column":53}},"line":20},"2":{"name":"onClick","decl":{"start":{"line":31,"column":17},"end":{"line":31,"column":53}},"loc":{"start":{"line":31,"column":17},"end":{"line":31,"column":53}},"line":31}},"f":{"0":15,"1":0,"2":2}}
,"/Users/guranda/star-wars-character-finder/src/components/SearchForm.tsx": {"path":"/Users/guranda/star-wars-character-finder/src/components/SearchForm.tsx","all":false,"statementMap":{"0":{"start":{"line":1,"column":0},"end":{"line":1,"column":57}},"1":{"start":{"line":2,"column":0},"end":{"line":2,"column":47}},"10":{"start":{"line":11,"column":0},"end":{"line":11,"column":38}},"11":{"start":{"line":12,"column":0},"end":{"line":12,"column":14}},"12":{"start":{"line":13,"column":0},"end":{"line":13,"column":17}},"13":{"start":{"line":14,"column":0},"end":{"line":14,"column":17}},"14":{"start":{"line":15,"column":0},"end":{"line":15,"column":7}},"15":{"start":{"line":16,"column":0},"end":{"line":16,"column":50}},"16":{"start":{"line":17,"column":0},"end":{"line":17,"column":36}},"17":{"start":{"line":18,"column":0},"end":{"line":18,"column":34}},"18":{"start":{"line":19,"column":0},"end":{"line":19,"column":22}},"19":{"start":{"line":20,"column":0},"end":{"line":20,"column":4}},"21":{"start":{"line":22,"column":0},"end":{"line":22,"column":28}},"22":{"start":{"line":23,"column":0},"end":{"line":23,"column":23}},"23":{"start":{"line":24,"column":0},"end":{"line":24,"column":4}},"25":{"start":{"line":26,"column":0},"end":{"line":26,"column":17}},"26":{"start":{"line":27,"column":0},"end":{"line":27,"column":12}},"27":{"start":{"line":28,"column":0},"end":{"line":28,"column":11}},"28":{"start":{"line":29,"column":0},"end":{"line":29,"column":38}},"29":{"start":{"line":30,"column":0},"end":{"line":30,"column":57}},"30":{"start":{"line":31,"column":0},"end":{"line":31,"column":12}},"32":{"start":{"line":33,"column":0},"end":{"line":33,"column":3}},"34":{"start":{"line":35,"column":0},"end":{"line":35,"column":10}},"35":{"start":{"line":36,"column":0},"end":{"line":36,"column":62}},"36":{"start":{"line":37,"column":0},"end":{"line":37,"column":12}},"37":{"start":{"line":38,"column":0},"end":{"line":38,"column":19}},"38":{"start":{"line":39,"column":0},"end":{"line":39,"column":27}},"39":{"start":{"line":40,"column":0},"end":{"line":40,"column":33}},"40":{"start":{"line":41,"column":0},"end":{"line":41,"column":39}},"41":{"start":{"line":42,"column":0},"end":{"line":42,"column":66}},"42":{"start":{"line":43,"column":0},"end":{"line":43,"column":8}},"43":{"start":{"line":44,"column":0},"end":{"line":44,"column":13}},"44":{"start":{"line":45,"column":0},"end":{"line":45,"column":21}},"45":{"start":{"line":46,"column":0},"end":{"line":46,"column":27}},"46":{"start":{"line":47,"column":0},"end":{"line":47,"column":62}},"47":{"start":{"line":48,"column":0},"end":{"line":48,"column":7}},"49":{"start":{"line":50,"column":0},"end":{"line":50,"column":15}},"50":{"start":{"line":51,"column":0},"end":{"line":51,"column":13}},"51":{"start":{"line":52,"column":0},"end":{"line":52,"column":21}},"52":{"start":{"line":53,"column":0},"end":{"line":53,"column":40}},"53":{"start":{"line":54,"column":0},"end":{"line":54,"column":34}},"54":{"start":{"line":55,"column":0},"end":{"line":55,"column":62}},"55":{"start":{"line":56,"column":0},"end":{"line":56,"column":7}},"57":{"start":{"line":58,"column":0},"end":{"line":58,"column":15}},"58":{"start":{"line":59,"column":0},"end":{"line":59,"column":11}},"60":{"start":{"line":61,"column":0},"end":{"line":61,"column":2}},"62":{"start":{"line":63,"column":0},"end":{"line":63,"column":26}}},"s":{"0":1,"1":1,"10":1,"11":19,"12":19,"13":19,"14":19,"15":19,"16":19,"17":19,"18":1,"19":1,"21":19,"22":1,"23":1,"25":19,"26":1,"27":1,"28":1,"29":1,"30":1,"32":1,"34":18,"35":18,"36":18,"37":18,"38":18,"39":18,"40":18,"41":19,"42":19,"43":19,"44":19,"45":19,"46":19,"47":19,"49":19,"50":19,"51":19,"52":19,"53":19,"54":19,"55":19,"57":19,"58":19,"60":19,"62":1},"branchMap":{"0":{"type":"branch","line":11,"loc":{"start":{"line":11,"column":36},"end":{"line":61,"column":2}},"locations":[{"start":{"line":11,"column":36},"end":{"line":61,"column":2}}]},"1":{"type":"branch","line":26,"loc":{"start":{"line":26,"column":16},"end":{"line":33,"column":3}},"locations":[{"start":{"line":26,"column":16},"end":{"line":33,"column":3}}]},"2":{"type":"branch","line":33,"loc":{"start":{"line":33,"column":2},"end":{"line":42,"column":35}},"locations":[{"start":{"line":33,"column":2},"end":{"line":42,"column":35}}]},"3":{"type":"branch","line":42,"loc":{"start":{"line":42,"column":22},"end":{"line":42,"column":50}},"locations":[{"start":{"line":42,"column":22},"end":{"line":42,"column":50}}]},"4":{"type":"branch","line":42,"loc":{"start":{"line":42,"column":35},"end":{"line":42,"column":63}},"locations":[{"start":{"line":42,"column":35},"end":{"line":42,"column":63}}]},"5":{"type":"branch","line":47,"loc":{"start":{"line":47,"column":22},"end":{"line":47,"column":48}},"locations":[{"start":{"line":47,"column":22},"end":{"line":47,"column":48}}]},"6":{"type":"branch","line":47,"loc":{"start":{"line":47,"column":35},"end":{"line":47,"column":59}},"locations":[{"start":{"line":47,"column":35},"end":{"line":47,"column":59}}]},"7":{"type":"branch","line":55,"loc":{"start":{"line":55,"column":22},"end":{"line":55,"column":48}},"locations":[{"start":{"line":55,"column":22},"end":{"line":55,"column":48}}]},"8":{"type":"branch","line":55,"loc":{"start":{"line":55,"column":35},"end":{"line":55,"column":59}},"locations":[{"start":{"line":55,"column":35},"end":{"line":55,"column":59}}]},"9":{"type":"branch","line":18,"loc":{"start":{"line":18,"column":27},"end":{"line":20,"column":4}},"locations":[{"start":{"line":18,"column":27},"end":{"line":20,"column":4}}]},"10":{"type":"branch","line":22,"loc":{"start":{"line":22,"column":21},"end":{"line":24,"column":4}},"locations":[{"start":{"line":22,"column":21},"end":{"line":24,"column":4}}]}},"b":{"0":[19],"1":[1],"2":[18],"3":[1],"4":[17],"5":[1],"6":[17],"7":[1],"8":[17],"9":[1],"10":[1]},"fnMap":{"0":{"name":"SearchForm","decl":{"start":{"line":11,"column":36},"end":{"line":61,"column":2}},"loc":{"start":{"line":11,"column":36},"end":{"line":61,"column":2}},"line":11},"1":{"name":"handleThrowError","decl":{"start":{"line":18,"column":27},"end":{"line":20,"column":4}},"loc":{"start":{"line":18,"column":27},"end":{"line":20,"column":4}},"line":18},"2":{"name":"resetError","decl":{"start":{"line":22,"column":21},"end":{"line":24,"column":4}},"loc":{"start":{"line":22,"column":21},"end":{"line":24,"column":4}},"line":22}},"f":{"0":19,"1":1,"2":1}}
,"/Users/guranda/star-wars-character-finder/src/components/ThemeToggle.tsx": {"path":"/Users/guranda/star-wars-character-finder/src/components/ThemeToggle.tsx","all":false,"statementMap":{"0":{"start":{"line":1,"column":0},"end":{"line":1,"column":63}},"1":{"start":{"line":2,"column":0},"end":{"line":2,"column":47}},"3":{"start":{"line":4,"column":0},"end":{"line":4,"column":33}},"4":{"start":{"line":5,"column":0},"end":{"line":5,"column":49}},"6":{"start":{"line":7,"column":0},"end":{"line":7,"column":10}},"7":{"start":{"line":8,"column":0},"end":{"line":8,"column":11}},"8":{"start":{"line":9,"column":0},"end":{"line":9,"column":72}},"9":{"start":{"line":10,"column":0},"end":{"line":10,"column":27}},"10":{"start":{"line":11,"column":0},"end":{"line":11,"column":39}},"12":{"start":{"line":13,"column":0},"end":{"line":13,"column":21}},"13":{"start":{"line":14,"column":0},"end":{"line":14,"column":58}},"15":{"start":{"line":16,"column":0},"end":{"line":16,"column":52}},"17":{"start":{"line":18,"column":0},"end":{"line":18,"column":13}},"19":{"start":{"line":20,"column":0},"end":{"line":20,"column":2}},"21":{"start":{"line":22,"column":0},"end":{"line":22,"column":33}}},"s":{"0":1,"1":1,"3":1,"4":16,"6":16,"7":16,"8":16,"9":16,"10":16,"12":16,"13":2,"15":14,"17":16,"19":16,"21":1},"branchMap":{"0":{"type":"branch","line":4,"loc":{"start":{"line":4,"column":26},"end":{"line":20,"column":2}},"locations":[{"start":{"line":4,"column":26},"end":{"line":20,"column":2}}]},"1":{"type":"branch","line":9,"loc":{"start":{"line":9,"column":40},"end":{"line":9,"column":62}},"locations":[{"start":{"line":9,"column":40},"end":{"line":9,"column":62}}]},"2":{"type":"branch","line":9,"loc":{"start":{"line":9,"column":53},"end":{"line":9,"column":69}},"locations":[{"start":{"line":9,"column":53},"end":{"line":9,"column":69}}]},"3":{"type":"branch","line":13,"loc":{"start":{"line":13,"column":7},"end":{"line":14,"column":58}},"locations":[{"start":{"line":13,"column":7},"end":{"line":14,"column":58}}]},"4":{"type":"branch","line":14,"loc":{"start":{"line":14,"column":56},"end":{"line":16,"column":52}},"locations":[{"start":{"line":14,"column":56},"end":{"line":16,"column":52}}]}},"b":{"0":[16],"1":[2],"2":[14],"3":[2],"4":[14]},"fnMap":{"0":{"name":"ThemeToggleButton","decl":{"start":{"line":4,"column":26},"end":{"line":20,"column":2}},"loc":{"start":{"line":4,"column":26},"end":{"line":20,"column":2}},"line":4}},"f":{"0":16}}
,"/Users/guranda/star-wars-character-finder/src/context/ThemeContext.tsx": {"path":"/Users/guranda/star-wars-character-finder/src/context/ThemeContext.tsx","all":false,"statementMap":{"0":{"start":{"line":1,"column":0},"end":{"line":1,"column":55}},"7":{"start":{"line":8,"column":0},"end":{"line":8,"column":61}},"8":{"start":{"line":9,"column":0},"end":{"line":9,"column":20}},"9":{"start":{"line":10,"column":0},"end":{"line":10,"column":24}},"10":{"start":{"line":11,"column":0},"end":{"line":11,"column":3}},"12":{"start":{"line":13,"column":0},"end":{"line":13,"column":66}},"13":{"start":{"line":14,"column":0},"end":{"line":14,"column":11}},"14":{"start":{"line":15,"column":0},"end":{"line":15,"column":7}},"15":{"start":{"line":16,"column":0},"end":{"line":16,"column":54}},"17":{"start":{"line":18,"column":0},"end":{"line":18,"column":29}},"18":{"start":{"line":19,"column":0},"end":{"line":19,"column":43}},"19":{"start":{"line":20,"column":0},"end":{"line":20,"column":4}},"21":{"start":{"line":22,"column":0},"end":{"line":22,"column":10}},"22":{"start":{"line":23,"column":0},"end":{"line":23,"column":63}},"23":{"start":{"line":24,"column":0},"end":{"line":24,"column":16}},"24":{"start":{"line":25,"column":0},"end":{"line":25,"column":28}},"26":{"start":{"line":27,"column":0},"end":{"line":27,"column":2}}},"s":{"0":1,"7":1,"8":1,"9":1,"10":1,"12":1,"13":5,"14":5,"15":5,"17":5,"18":2,"19":2,"21":5,"22":5,"23":5,"24":5,"26":5},"branchMap":{"0":{"type":"branch","line":13,"loc":{"start":{"line":13,"column":64},"end":{"line":27,"column":2}},"locations":[{"start":{"line":13,"column":64},"end":{"line":27,"column":2}}]},"1":{"type":"branch","line":18,"loc":{"start":{"line":18,"column":22},"end":{"line":20,"column":4}},"locations":[{"start":{"line":18,"column":22},"end":{"line":20,"column":4}}]},"2":{"type":"branch","line":19,"loc":{"start":{"line":19,"column":18},"end":{"line":19,"column":41}},"locations":[{"start":{"line":19,"column":18},"end":{"line":19,"column":41}}]}},"b":{"0":[5],"1":[2],"2":[2]},"fnMap":{"0":{"name":"toggleTheme","decl":{"start":{"line":10,"column":15},"end":{"line":10,"column":24}},"loc":{"start":{"line":10,"column":15},"end":{"line":10,"column":24}},"line":10},"1":{"name":"ThemeProvider","decl":{"start":{"line":13,"column":64},"end":{"line":27,"column":2}},"loc":{"start":{"line":13,"column":64},"end":{"line":27,"column":2}},"line":13},"2":{"name":"toggleTheme","decl":{"start":{"line":18,"column":22},"end":{"line":20,"column":4}},"loc":{"start":{"line":18,"column":22},"end":{"line":20,"column":4}},"line":18}},"f":{"0":0,"1":5,"2":2}}
,"/Users/guranda/star-wars-character-finder/src/context/useTheme.ts": {"path":"/Users/guranda/star-wars-character-finder/src/context/useTheme.ts","all":false,"statementMap":{"0":{"start":{"line":1,"column":0},"end":{"line":1,"column":35}},"1":{"start":{"line":2,"column":0},"end":{"line":2,"column":64}},"3":{"start":{"line":4,"column":0},"end":{"line":4,"column":73}}},"s":{"0":1,"1":1,"3":1},"branchMap":{"0":{"type":"branch","line":4,"loc":{"start":{"line":4,"column":24},"end":{"line":4,"column":73}},"locations":[{"start":{"line":4,"column":24},"end":{"line":4,"column":73}}]}},"b":{"0":[61]},"fnMap":{"0":{"name":"useTheme","decl":{"start":{"line":4,"column":24},"end":{"line":4,"column":73}},"loc":{"start":{"line":4,"column":24},"end":{"line":4,"column":73}},"line":4}},"f":{"0":61}}
,"/Users/guranda/star-wars-character-finder/src/hooks/useSearchQuery.tsx": {"path":"/Users/guranda/star-wars-character-finder/src/hooks/useSearchQuery.tsx","all":false,"statementMap":{"0":{"start":{"line":1,"column":0},"end":{"line":1,"column":44}},"2":{"start":{"line":3,"column":0},"end":{"line":3,"column":30}},"3":{"start":{"line":4,"column":0},"end":{"line":4,"column":61}},"5":{"start":{"line":6,"column":0},"end":{"line":6,"column":19}},"6":{"start":{"line":7,"column":0},"end":{"line":7,"column":60}},"7":{"start":{"line":8,"column":0},"end":{"line":8,"column":22}},"8":{"start":{"line":9,"column":0},"end":{"line":9,"column":34}},"9":{"start":{"line":10,"column":0},"end":{"line":10,"column":5}},"10":{"start":{"line":11,"column":0},"end":{"line":11,"column":9}},"12":{"start":{"line":13,"column":0},"end":{"line":13,"column":19}},"13":{"start":{"line":14,"column":0},"end":{"line":14,"column":18}},"14":{"start":{"line":15,"column":0},"end":{"line":15,"column":55}},"15":{"start":{"line":16,"column":0},"end":{"line":16,"column":6}},"16":{"start":{"line":17,"column":0},"end":{"line":17,"column":20}},"18":{"start":{"line":19,"column":0},"end":{"line":19,"column":48}},"19":{"start":{"line":20,"column":0},"end":{"line":20,"column":2}},"21":{"start":{"line":22,"column":0},"end":{"line":22,"column":30}}},"s":{"0":1,"2":1,"3":13,"5":13,"6":3,"7":3,"8":0,"9":0,"10":13,"12":13,"13":3,"14":0,"15":0,"16":13,"18":13,"19":13,"21":1},"branchMap":{"0":{"type":"branch","line":3,"loc":{"start":{"line":3,"column":23},"end":{"line":20,"column":2}},"locations":[{"start":{"line":3,"column":23},"end":{"line":20,"column":2}}]},"1":{"type":"branch","line":6,"loc":{"start":{"line":6,"column":12},"end":{"line":11,"column":5}},"locations":[{"start":{"line":6,"column":12},"end":{"line":11,"column":5}}]},"2":{"type":"branch","line":8,"loc":{"start":{"line":8,"column":21},"end":{"line":10,"column":5}},"locations":[{"start":{"line":8,"column":21},"end":{"line":10,"column":5}}]},"3":{"type":"branch","line":13,"loc":{"start":{"line":13,"column":12},"end":{"line":17,"column":5}},"locations":[{"start":{"line":13,"column":12},"end":{"line":17,"column":5}}]}},"b":{"0":[13],"1":[3],"2":[0],"3":[3]},"fnMap":{"0":{"name":"useSearchQuery","decl":{"start":{"line":3,"column":23},"end":{"line":20,"column":2}},"loc":{"start":{"line":3,"column":23},"end":{"line":20,"column":2}},"line":3}},"f":{"0":13}}
,"/Users/guranda/star-wars-character-finder/src/interfaces/CharacterInterface.ts": {"path":"/Users/guranda/star-wars-character-finder/src/interfaces/CharacterInterface.ts","all":true,"statementMap":{},"s":{},"branchMap":{"0":{"type":"branch","line":1,"loc":{"start":{"line":1,"column":343},"end":{"line":18,"column":1}},"locations":[{"start":{"line":1,"column":343},"end":{"line":18,"column":1}}]}},"b":{"0":[1]},"fnMap":{"0":{"name":"(empty-report)","decl":{"start":{"line":1,"column":343},"end":{"line":18,"column":1}},"loc":{"start":{"line":1,"column":343},"end":{"line":18,"column":1}},"line":1}},"f":{"0":1}}
,"/Users/guranda/star-wars-character-finder/src/interfaces/ResponseInterface.ts": {"path":"/Users/guranda/star-wars-character-finder/src/interfaces/ResponseInterface.ts","all":true,"statementMap":{},"s":{},"branchMap":{"0":{"type":"branch","line":1,"loc":{"start":{"line":1,"column":120},"end":{"line":6,"column":1}},"locations":[{"start":{"line":1,"column":120},"end":{"line":6,"column":1}}]}},"b":{"0":[1]},"fnMap":{"0":{"name":"(empty-report)","decl":{"start":{"line":1,"column":120},"end":{"line":6,"column":1}},"loc":{"start":{"line":1,"column":120},"end":{"line":6,"column":1}},"line":1}},"f":{"0":1}}
,"/Users/guranda/star-wars-character-finder/src/interfaces/StateInterface.ts": {"path":"/Users/guranda/star-wars-character-finder/src/interfaces/StateInterface.ts","all":true,"statementMap":{},"s":{},"branchMap":{"0":{"type":"branch","line":1,"loc":{"start":{"line":1,"column":166},"end":{"line":8,"column":1}},"locations":[{"start":{"line":1,"column":166},"end":{"line":8,"column":1}}]}},"b":{"0":[1]},"fnMap":{"0":{"name":"(empty-report)","decl":{"start":{"line":1,"column":166},"end":{"line":8,"column":1}},"loc":{"start":{"line":1,"column":166},"end":{"line":8,"column":1}},"line":1}},"f":{"0":1}}
,"/Users/guranda/star-wars-character-finder/src/pages/NotFound.tsx": {"path":"/Users/guranda/star-wars-character-finder/src/pages/NotFound.tsx","all":false,"statementMap":{"0":{"start":{"line":1,"column":0},"end":{"line":1,"column":26}},"1":{"start":{"line":2,"column":0},"end":{"line":2,"column":24}},"2":{"start":{"line":3,"column":0},"end":{"line":3,"column":40}},"4":{"start":{"line":5,"column":0},"end":{"line":5,"column":34}},"5":{"start":{"line":6,"column":0},"end":{"line":6,"column":10}},"6":{"start":{"line":7,"column":0},"end":{"line":7,"column":41}},"7":{"start":{"line":8,"column":0},"end":{"line":8,"column":35}},"8":{"start":{"line":9,"column":0},"end":{"line":9,"column":64}},"9":{"start":{"line":10,"column":0},"end":{"line":10,"column":43}},"10":{"start":{"line":11,"column":0},"end":{"line":11,"column":10}},"12":{"start":{"line":13,"column":0},"end":{"line":13,"column":2}},"14":{"start":{"line":15,"column":0},"end":{"line":15,"column":24}}},"s":{"0":1,"1":1,"2":1,"4":1,"5":1,"6":1,"7":1,"8":1,"9":1,"10":1,"12":1,"14":1},"branchMap":{"0":{"type":"branch","line":5,"loc":{"start":{"line":5,"column":27},"end":{"line":13,"column":2}},"locations":[{"start":{"line":5,"column":27},"end":{"line":13,"column":2}}]}},"b":{"0":[1]},"fnMap":{"0":{"name":"NotFound","decl":{"start":{"line":5,"column":27},"end":{"line":13,"column":2}},"loc":{"start":{"line":5,"column":27},"end":{"line":13,"column":2}},"line":5}},"f":{"0":1}}
,"/Users/guranda/star-wars-character-finder/src/pages/StarWars.tsx": {"path":"/Users/guranda/star-wars-character-finder/src/pages/StarWars.tsx","all":false,"statementMap":{"0":{"start":{"line":1,"column":0},"end":{"line":1,"column":68}},"1":{"start":{"line":2,"column":0},"end":{"line":2,"column":55}},"2":{"start":{"line":3,"column":0},"end":{"line":3,"column":58}},"3":{"start":{"line":4,"column":0},"end":{"line":4,"column":50}},"4":{"start":{"line":5,"column":0},"end":{"line":5,"column":50}},"5":{"start":{"line":6,"column":0},"end":{"line":6,"column":56}},"7":{"start":{"line":8,"column":0},"end":{"line":8,"column":53}},"12":{"start":{"line":13,"column":0},"end":{"line":13,"column":38}},"14":{"start":{"line":15,"column":0},"end":{"line":15,"column":24}},"15":{"start":{"line":16,"column":0},"end":{"line":16,"column":58}},"16":{"start":{"line":17,"column":0},"end":{"line":17,"column":47}},"17":{"start":{"line":18,"column":0},"end":{"line":18,"column":42}},"18":{"start":{"line":19,"column":0},"end":{"line":19,"column":71}},"20":{"start":{"line":21,"column":0},"end":{"line":21,"column":43}},"21":{"start":{"line":22,"column":0},"end":{"line":22,"column":36}},"22":{"start":{"line":23,"column":0},"end":{"line":23,"column":49}},"23":{"start":{"line":24,"column":0},"end":{"line":24,"column":33}},"25":{"start":{"line":26,"column":0},"end":{"line":26,"column":57}},"26":{"start":{"line":27,"column":0},"end":{"line":27,"column":57}},"27":{"start":{"line":28,"column":0},"end":{"line":28,"column":30}},"28":{"start":{"line":29,"column":0},"end":{"line":29,"column":4}},"29":{"start":{"line":30,"column":0},"end":{"line":30,"column":33}},"30":{"start":{"line":31,"column":0},"end":{"line":31,"column":36}},"31":{"start":{"line":32,"column":0},"end":{"line":32,"column":52}},"32":{"start":{"line":33,"column":0},"end":{"line":33,"column":4}},"33":{"start":{"line":34,"column":0},"end":{"line":34,"column":69}},"34":{"start":{"line":35,"column":0},"end":{"line":35,"column":16}},"35":{"start":{"line":36,"column":0},"end":{"line":36,"column":22}},"36":{"start":{"line":37,"column":0},"end":{"line":37,"column":5}},"38":{"start":{"line":39,"column":0},"end":{"line":39,"column":30}},"40":{"start":{"line":41,"column":0},"end":{"line":41,"column":19}},"41":{"start":{"line":42,"column":0},"end":{"line":42,"column":15}},"42":{"start":{"line":43,"column":0},"end":{"line":43,"column":37}},"43":{"start":{"line":44,"column":0},"end":{"line":44,"column":5}},"44":{"start":{"line":45,"column":0},"end":{"line":45,"column":13}},"46":{"start":{"line":47,"column":0},"end":{"line":47,"column":19}},"47":{"start":{"line":48,"column":0},"end":{"line":48,"column":32}},"48":{"start":{"line":49,"column":0},"end":{"line":49,"column":30}},"50":{"start":{"line":51,"column":0},"end":{"line":51,"column":19}},"51":{"start":{"line":52,"column":0},"end":{"line":52,"column":50}},"52":{"start":{"line":53,"column":0},"end":{"line":53,"column":38}},"53":{"start":{"line":54,"column":0},"end":{"line":54,"column":32}},"55":{"start":{"line":56,"column":0},"end":{"line":56,"column":72}},"56":{"start":{"line":57,"column":0},"end":{"line":57,"column":39}},"57":{"start":{"line":58,"column":0},"end":{"line":58,"column":4}},"59":{"start":{"line":60,"column":0},"end":{"line":60,"column":28}},"60":{"start":{"line":61,"column":0},"end":{"line":61,"column":43}},"61":{"start":{"line":62,"column":0},"end":{"line":62,"column":34}},"62":{"start":{"line":63,"column":0},"end":{"line":63,"column":4}},"64":{"start":{"line":65,"column":0},"end":{"line":65,"column":69}},"65":{"start":{"line":66,"column":0},"end":{"line":66,"column":27}},"66":{"start":{"line":67,"column":0},"end":{"line":67,"column":22}},"67":{"start":{"line":68,"column":0},"end":{"line":68,"column":4}},"69":{"start":{"line":70,"column":0},"end":{"line":70,"column":49}},"70":{"start":{"line":71,"column":0},"end":{"line":71,"column":28}},"71":{"start":{"line":72,"column":0},"end":{"line":72,"column":28}},"72":{"start":{"line":73,"column":0},"end":{"line":73,"column":4}},"74":{"start":{"line":75,"column":0},"end":{"line":75,"column":58}},"75":{"start":{"line":76,"column":0},"end":{"line":76,"column":40}},"76":{"start":{"line":77,"column":0},"end":{"line":77,"column":45}},"77":{"start":{"line":78,"column":0},"end":{"line":78,"column":12}},"78":{"start":{"line":79,"column":0},"end":{"line":79,"column":38}},"79":{"start":{"line":80,"column":0},"end":{"line":80,"column":5}},"80":{"start":{"line":81,"column":0},"end":{"line":81,"column":42}},"81":{"start":{"line":82,"column":0},"end":{"line":82,"column":4}},"83":{"start":{"line":84,"column":0},"end":{"line":84,"column":10}},"84":{"start":{"line":85,"column":0},"end":{"line":85,"column":56}},"85":{"start":{"line":86,"column":0},"end":{"line":86,"column":27}},"86":{"start":{"line":87,"column":0},"end":{"line":87,"column":63}},"87":{"start":{"line":88,"column":0},"end":{"line":88,"column":37}},"88":{"start":{"line":89,"column":0},"end":{"line":89,"column":21}},"89":{"start":{"line":90,"column":0},"end":{"line":90,"column":37}},"90":{"start":{"line":91,"column":0},"end":{"line":91,"column":47}},"91":{"start":{"line":92,"column":0},"end":{"line":92,"column":47}},"92":{"start":{"line":93,"column":0},"end":{"line":93,"column":35}},"93":{"start":{"line":94,"column":0},"end":{"line":94,"column":12}},"94":{"start":{"line":95,"column":0},"end":{"line":95,"column":14}},"95":{"start":{"line":96,"column":0},"end":{"line":96,"column":40}},"96":{"start":{"line":97,"column":0},"end":{"line":97,"column":24}},"97":{"start":{"line":98,"column":0},"end":{"line":98,"column":48}},"98":{"start":{"line":99,"column":0},"end":{"line":99,"column":31}},"99":{"start":{"line":100,"column":0},"end":{"line":100,"column":51}},"100":{"start":{"line":101,"column":0},"end":{"line":101,"column":12}},"101":{"start":{"line":102,"column":0},"end":{"line":102,"column":21}},"102":{"start":{"line":103,"column":0},"end":{"line":103,"column":37}},"103":{"start":{"line":104,"column":0},"end":{"line":104,"column":74}},"104":{"start":{"line":105,"column":0},"end":{"line":105,"column":43}},"105":{"start":{"line":106,"column":0},"end":{"line":106,"column":12}},"106":{"start":{"line":107,"column":0},"end":{"line":107,"column":14}},"107":{"start":{"line":108,"column":0},"end":{"line":108,"column":66}},"108":{"start":{"line":109,"column":0},"end":{"line":109,"column":12}},"109":{"start":{"line":110,"column":0},"end":{"line":110,"column":10}},"111":{"start":{"line":112,"column":0},"end":{"line":112,"column":2}},"113":{"start":{"line":114,"column":0},"end":{"line":114,"column":33}}},"s":{"0":1,"1":1,"2":1,"3":1,"4":1,"5":1,"7":1,"12":1,"14":1,"15":1,"16":1,"17":1,"18":1,"20":1,"21":13,"22":13,"23":13,"25":13,"26":13,"27":13,"28":13,"29":13,"30":13,"31":13,"32":13,"33":13,"34":13,"35":13,"36":13,"38":13,"40":13,"41":4,"42":1,"43":1,"44":13,"46":13,"47":6,"48":13,"50":13,"51":3,"52":3,"53":13,"55":13,"56":0,"57":0,"59":13,"60":0,"61":0,"62":0,"64":13,"65":0,"66":0,"67":0,"69":13,"70":0,"71":0,"72":0,"74":13,"75":0,"76":0,"77":0,"78":0,"79":0,"80":0,"81":0,"83":13,"84":13,"85":13,"86":13,"87":13,"88":13,"89":13,"90":13,"91":13,"92":13,"93":13,"94":13,"95":13,"96":13,"97":13,"98":13,"99":13,"100":13,"101":13,"102":13,"103":13,"104":13,"105":13,"106":13,"107":13,"108":13,"109":13,"111":13,"113":1},"branchMap":{"0":{"type":"branch","line":21,"loc":{"start":{"line":21,"column":36},"end":{"line":112,"column":2}},"locations":[{"start":{"line":21,"column":36},"end":{"line":112,"column":2}}]},"1":{"type":"branch","line":28,"loc":{"start":{"line":28,"column":4},"end":{"line":28,"column":28}},"locations":[{"start":{"line":28,"column":4},"end":{"line":28,"column":28}}]},"2":{"type":"branch","line":28,"loc":{"start":{"line":28,"column":24},"end":{"line":28,"column":30}},"locations":[{"start":{"line":28,"column":24},"end":{"line":28,"column":30}}]},"3":{"type":"branch","line":85,"loc":{"start":{"line":85,"column":23},"end":{"line":85,"column":45}},"locations":[{"start":{"line":85,"column":23},"end":{"line":85,"column":45}}]},"4":{"type":"branch","line":85,"loc":{"start":{"line":85,"column":36},"end":{"line":85,"column":52}},"locations":[{"start":{"line":85,"column":36},"end":{"line":85,"column":52}}]},"5":{"type":"branch","line":98,"loc":{"start":{"line":98,"column":18},"end":{"line":98,"column":45}},"locations":[{"start":{"line":98,"column":18},"end":{"line":98,"column":45}}]},"6":{"type":"branch","line":104,"loc":{"start":{"line":104,"column":35},"end":{"line":104,"column":60}},"locations":[{"start":{"line":104,"column":35},"end":{"line":104,"column":60}}]},"7":{"type":"branch","line":108,"loc":{"start":{"line":108,"column":45},"end":{"line":108,"column":62}},"locations":[{"start":{"line":108,"column":45},"end":{"line":108,"column":62}}]},"8":{"type":"branch","line":32,"loc":{"start":{"line":32,"column":4},"end":{"line":32,"column":52}},"locations":[{"start":{"line":32,"column":4},"end":{"line":32,"column":52}}]},"9":{"type":"branch","line":41,"loc":{"start":{"line":41,"column":12},"end":{"line":45,"column":5}},"locations":[{"start":{"line":41,"column":12},"end":{"line":45,"column":5}}]},"10":{"type":"branch","line":42,"loc":{"start":{"line":42,"column":14},"end":{"line":44,"column":5}},"locations":[{"start":{"line":42,"column":14},"end":{"line":44,"column":5}}]},"11":{"type":"branch","line":47,"loc":{"start":{"line":47,"column":12},"end":{"line":49,"column":5}},"locations":[{"start":{"line":47,"column":12},"end":{"line":49,"column":5}}]},"12":{"type":"branch","line":51,"loc":{"start":{"line":51,"column":12},"end":{"line":54,"column":5}},"locations":[{"start":{"line":51,"column":12},"end":{"line":54,"column":5}}]}},"b":{"0":[13],"1":[2],"2":[11],"3":[1],"4":[12],"5":[0],"6":[0],"7":[0],"8":[22],"9":[4],"10":[1],"11":[6],"12":[3]},"fnMap":{"0":{"name":"StarWarsComponent","decl":{"start":{"line":21,"column":36},"end":{"line":112,"column":2}},"loc":{"start":{"line":21,"column":36},"end":{"line":112,"column":2}},"line":21},"1":{"name":"handleSearchChange","decl":{"start":{"line":56,"column":29},"end":{"line":58,"column":4}},"loc":{"start":{"line":56,"column":29},"end":{"line":58,"column":4}},"line":56},"2":{"name":"throwError","decl":{"start":{"line":60,"column":21},"end":{"line":63,"column":4}},"loc":{"start":{"line":60,"column":21},"end":{"line":63,"column":4}},"line":60},"3":{"name":"handleSearchSubmit","decl":{"start":{"line":65,"column":29},"end":{"line":68,"column":4}},"loc":{"start":{"line":65,"column":29},"end":{"line":68,"column":4}},"line":65},"4":{"name":"handlePageChange","decl":{"start":{"line":70,"column":27},"end":{"line":73,"column":4}},"loc":{"start":{"line":70,"column":27},"end":{"line":73,"column":4}},"line":70},"5":{"name":"handleCharacterClick","decl":{"start":{"line":75,"column":31},"end":{"line":82,"column":4}},"loc":{"start":{"line":75,"column":31},"end":{"line":82,"column":4}},"line":75}},"f":{"0":13,"1":0,"2":0,"3":0,"4":0,"5":0}}
,"/Users/guranda/star-wars-character-finder/src/services/apis/charactersApi.tsx": {"path":"/Users/guranda/star-wars-character-finder/src/services/apis/charactersApi.tsx","all":false,"statementMap":{"0":{"start":{"line":1,"column":0},"end":{"line":1,"column":73}},"4":{"start":{"line":5,"column":0},"end":{"line":5,"column":40}},"5":{"start":{"line":6,"column":0},"end":{"line":6,"column":31}},"6":{"start":{"line":7,"column":0},"end":{"line":7,"column":67}},"7":{"start":{"line":8,"column":0},"end":{"line":8,"column":28}},"8":{"start":{"line":9,"column":0},"end":{"line":9,"column":33}},"11":{"start":{"line":12,"column":0},"end":{"line":12,"column":7}},"12":{"start":{"line":13,"column":0},"end":{"line":13,"column":42}},"13":{"start":{"line":14,"column":0},"end":{"line":14,"column":23}},"14":{"start":{"line":15,"column":0},"end":{"line":15,"column":17}},"15":{"start":{"line":16,"column":0},"end":{"line":16,"column":30}},"16":{"start":{"line":17,"column":0},"end":{"line":17,"column":21}},"17":{"start":{"line":18,"column":0},"end":{"line":18,"column":10}},"18":{"start":{"line":19,"column":0},"end":{"line":19,"column":9}},"19":{"start":{"line":20,"column":0},"end":{"line":20,"column":7}},"20":{"start":{"line":21,"column":0},"end":{"line":21,"column":5}},"21":{"start":{"line":22,"column":0},"end":{"line":22,"column":3}},"23":{"start":{"line":24,"column":0},"end":{"line":24,"column":55}}},"s":{"0":1,"4":1,"5":1,"6":1,"7":1,"8":3,"11":3,"12":3,"13":3,"14":3,"15":3,"16":3,"17":3,"18":3,"19":3,"20":3,"21":1,"23":1},"branchMap":{"0":{"type":"branch","line":8,"loc":{"start":{"line":8,"column":13},"end":{"line":21,"column":5}},"locations":[{"start":{"line":8,"column":13},"end":{"line":21,"column":5}}]},"1":{"type":"branch","line":13,"loc":{"start":{"line":13,"column":13},"end":{"line":19,"column":9}},"locations":[{"start":{"line":13,"column":13},"end":{"line":19,"column":9}}]}},"b":{"0":[3],"1":[3]},"fnMap":{"0":{"name":"endpoints","decl":{"start":{"line":8,"column":13},"end":{"line":21,"column":5}},"loc":{"start":{"line":8,"column":13},"end":{"line":21,"column":5}},"line":8},"1":{"name":"query","decl":{"start":{"line":13,"column":13},"end":{"line":19,"column":9}},"loc":{"start":{"line":13,"column":13},"end":{"line":19,"column":9}},"line":13}},"f":{"0":3,"1":3}}
,"/Users/guranda/star-wars-character-finder/src/slices/selectedItemsSlice.ts": {"path":"/Users/guranda/star-wars-character-finder/src/slices/selectedItemsSlice.ts","all":false,"statementMap":{"0":{"start":{"line":1,"column":0},"end":{"line":1,"column":62}},"7":{"start":{"line":8,"column":0},"end":{"line":8,"column":42}},"8":{"start":{"line":9,"column":0},"end":{"line":9,"column":12}},"9":{"start":{"line":10,"column":0},"end":{"line":10,"column":2}},"11":{"start":{"line":12,"column":0},"end":{"line":12,"column":40}},"12":{"start":{"line":13,"column":0},"end":{"line":13,"column":24}},"13":{"start":{"line":14,"column":0},"end":{"line":14,"column":15}},"14":{"start":{"line":15,"column":0},"end":{"line":15,"column":13}},"15":{"start":{"line":16,"column":0},"end":{"line":16,"column":57}},"16":{"start":{"line":17,"column":0},"end":{"line":17,"column":34}},"17":{"start":{"line":18,"column":0},"end":{"line":18,"column":36}},"18":{"start":{"line":19,"column":0},"end":{"line":19,"column":6}},"19":{"start":{"line":20,"column":0},"end":{"line":20,"column":56}},"20":{"start":{"line":21,"column":0},"end":{"line":21,"column":41}},"21":{"start":{"line":22,"column":0},"end":{"line":22,"column":6}},"22":{"start":{"line":23,"column":0},"end":{"line":23,"column":29}},"23":{"start":{"line":24,"column":0},"end":{"line":24,"column":23}},"24":{"start":{"line":25,"column":0},"end":{"line":25,"column":6}},"25":{"start":{"line":26,"column":0},"end":{"line":26,"column":74}},"26":{"start":{"line":27,"column":0},"end":{"line":27,"column":35}},"27":{"start":{"line":28,"column":0},"end":{"line":28,"column":6}},"28":{"start":{"line":29,"column":0},"end":{"line":29,"column":4}},"29":{"start":{"line":30,"column":0},"end":{"line":30,"column":3}},"31":{"start":{"line":32,"column":0},"end":{"line":32,"column":71}},"32":{"start":{"line":33,"column":0},"end":{"line":33,"column":29}},"33":{"start":{"line":34,"column":0},"end":{"line":34,"column":42}}},"s":{"0":1,"7":1,"8":1,"9":1,"11":1,"12":1,"13":1,"14":1,"15":1,"16":0,"17":0,"18":0,"19":1,"20":1,"21":1,"22":1,"23":0,"24":0,"25":1,"26":3,"27":3,"28":1,"29":1,"31":1,"32":1,"33":1},"branchMap":{"0":{"type":"branch","line":20,"loc":{"start":{"line":20,"column":4},"end":{"line":22,"column":6}},"locations":[{"start":{"line":20,"column":4},"end":{"line":22,"column":6}}]},"1":{"type":"branch","line":26,"loc":{"start":{"line":26,"column":4},"end":{"line":28,"column":6}},"locations":[{"start":{"line":26,"column":4},"end":{"line":28,"column":6}}]}},"b":{"0":[1],"1":[3]},"fnMap":{"0":{"name":"selectItem","decl":{"start":{"line":16,"column":4},"end":{"line":19,"column":6}},"loc":{"start":{"line":16,"column":4},"end":{"line":19,"column":6}},"line":16},"1":{"name":"unselectItem","decl":{"start":{"line":20,"column":4},"end":{"line":22,"column":6}},"loc":{"start":{"line":20,"column":4},"end":{"line":22,"column":6}},"line":20},"2":{"name":"unselectAllItems","decl":{"start":{"line":23,"column":4},"end":{"line":25,"column":6}},"loc":{"start":{"line":23,"column":4},"end":{"line":25,"column":6}},"line":23},"3":{"name":"setItems","decl":{"start":{"line":26,"column":4},"end":{"line":28,"column":6}},"loc":{"start":{"line":26,"column":4},"end":{"line":28,"column":6}},"line":26}},"f":{"0":0,"1":1,"2":0,"3":3}}
}
